<?xml version="1.0" encoding="UTF-8"?>
<!-- Generated by org.testng.reporters.JUnitReportReporter -->
<testsuite hostname="DESKTOP-QDGQPOH" failures="0" tests="1" name="testsuite.B" time="0.004" errors="0" timestamp="2020-05-11T17:27:46 PDT" skipped="0">
  <testcase classname="testsuite.B" name="four" time="0.004"/>
  <system-out/>
</testsuite> <!-- testsuite.B -->
