<?xml version="1.0" encoding="UTF-8"?>
<!-- Generated by org.testng.reporters.JUnitReportReporter -->
<testsuite hostname="DESKTOP-QDGQPOH" failures="0" tests="3" name="testsuite.A" time="0.004" errors="0" timestamp="2020-05-11T17:27:46 PDT" skipped="0">
  <testcase classname="testsuite.A" name="two" time="0.002"/>
  <system-out/>
  <testcase classname="testsuite.A" name="three" time="0.001"/>
  <system-out/>
  <testcase classname="testsuite.A" name="one" time="0.001"/>
  <system-out/>
</testsuite> <!-- testsuite.A -->
